Copyright 1986-2022 Xilinx, Inc. All Rights Reserved. Copyright 2022-2025 Advanced Micro Devices, Inc. All Rights Reserved.
---------------------------------------------------------------------------------------------------------------------------------------------------------------------------------------------------------------------------------------------------
| Tool Version : Vivado v.2025.2 (win64) Build 6299465 Fri Nov 14 19:35:11 GMT 2025
| Date         : Sun May 31 11:31:55 2026
| Host         : Durel_PC running 64-bit major release  (build 9200)
| Command      : report_timing_summary -max_paths 10 -routable_nets -report_unconstrained -file rx_top_module_timing_summary_routed.rpt -pb rx_top_module_timing_summary_routed.pb -rpx rx_top_module_timing_summary_routed.rpx -warn_on_violation
| Design       : rx_top_module
| Device       : 7a100ti-csg324
| Speed File   : -1L  PRODUCTION 1.23 2018-06-13
| Design State : Routed
---------------------------------------------------------------------------------------------------------------------------------------------------------------------------------------------------------------------------------------------------

Timing Summary Report

------------------------------------------------------------------------------------------------
| Timer Settings
| --------------
------------------------------------------------------------------------------------------------

  Enable Multi Corner Analysis               :  Yes
  Enable Pessimism Removal                   :  Yes
  Pessimism Removal Resolution               :  Nearest Common Node
  Enable Input Delay Default Clock           :  No
  Enable Preset / Clear Arcs                 :  No
  Disable Flight Delays                      :  No
  Ignore I/O Paths                           :  No
  Timing Early Launch at Borrowing Latches   :  No
  Borrow Time for Max Delay Exceptions       :  Yes
  Merge Timing Exceptions                    :  Yes
  Inter-SLR Compensation                     :  Conservative

  Corner  Analyze    Analyze    
  Name    Max Paths  Min Paths  
  ------  ---------  ---------  
  Slow    Yes        Yes        
  Fast    Yes        Yes        


------------------------------------------------------------------------------------------------
| Report Methodology
| ------------------
------------------------------------------------------------------------------------------------

Rule       Severity          Description                  Violations  
---------  ----------------  ---------------------------  ----------  
TIMING-17  Critical Warning  Non-clocked sequential cell  20          

Note: This report is based on the most recent report_methodology run and may not be up-to-date. Run report_methodology on the current design for the latest report.



check_timing report

Table of Contents
-----------------
1. checking no_clock (20)
2. checking constant_clock (0)
3. checking pulse_width_clock (0)
4. checking unconstrained_internal_endpoints (37)
5. checking no_input_delay (0)
6. checking no_output_delay (2)
7. checking multiple_clock (0)
8. checking generated_clocks (0)
9. checking loops (0)
10. checking partial_input_delay (0)
11. checking partial_output_delay (0)
12. checking latch_loops (0)

1. checking no_clock (20)
-------------------------
 There are 20 register/latch pins with no clock driven by root clock pin: clk (HIGH)


2. checking constant_clock (0)
------------------------------
 There are 0 register/latch pins with constant_clock.


3. checking pulse_width_clock (0)
---------------------------------
 There are 0 register/latch pins which need pulse_width check


4. checking unconstrained_internal_endpoints (37)
-------------------------------------------------
 There are 37 pins that are not constrained for maximum delay. (HIGH)

 There are 0 pins that are not constrained for maximum delay due to constant clock.


5. checking no_input_delay (0)
------------------------------
 There are 0 input ports with no input delay specified.

 There are 0 input ports with no input delay but user has a false path constraint.


6. checking no_output_delay (2)
-------------------------------
 There are 2 ports with no output delay specified. (HIGH)

 There are 0 ports with no output delay but user has a false path constraint

 There are 0 ports with no output delay but with a timing clock defined on it or propagating through it


7. checking multiple_clock (0)
------------------------------
 There are 0 register/latch pins with multiple clocks.


8. checking generated_clocks (0)
--------------------------------
 There are 0 generated clocks that are not connected to a clock source.


9. checking loops (0)
---------------------
 There are 0 combinational loops in the design.


10. checking partial_input_delay (0)
------------------------------------
 There are 0 input ports with partial input delay specified.


11. checking partial_output_delay (0)
-------------------------------------
 There are 0 ports with partial output delay specified.


12. checking latch_loops (0)
----------------------------
 There are 0 combinational latch loops in the design through latch input



------------------------------------------------------------------------------------------------
| Design Timing Summary
| ---------------------
------------------------------------------------------------------------------------------------

    WNS(ns)      TNS(ns)  TNS Failing Endpoints  TNS Total Endpoints      WHS(ns)      THS(ns)  THS Failing Endpoints  THS Total Endpoints     WPWS(ns)     TPWS(ns)  TPWS Failing Endpoints  TPWS Total Endpoints  
    -------      -------  ---------------------  -------------------      -------      -------  ---------------------  -------------------     --------     --------  ----------------------  --------------------  
        inf        0.000                      0                   39          inf        0.000                      0                   39           NA           NA                      NA                    NA  


There are no user specified timing constraints.


------------------------------------------------------------------------------------------------
| Clock Summary
| -------------
------------------------------------------------------------------------------------------------


------------------------------------------------------------------------------------------------
| Intra Clock Table
| -----------------
------------------------------------------------------------------------------------------------

Clock             WNS(ns)      TNS(ns)  TNS Failing Endpoints  TNS Total Endpoints      WHS(ns)      THS(ns)  THS Failing Endpoints  THS Total Endpoints     WPWS(ns)     TPWS(ns)  TPWS Failing Endpoints  TPWS Total Endpoints  
-----             -------      -------  ---------------------  -------------------      -------      -------  ---------------------  -------------------     --------     --------  ----------------------  --------------------  


------------------------------------------------------------------------------------------------
| Inter Clock Table
| -----------------
------------------------------------------------------------------------------------------------

From Clock    To Clock          WNS(ns)      TNS(ns)  TNS Failing Endpoints  TNS Total Endpoints      WHS(ns)      THS(ns)  THS Failing Endpoints  THS Total Endpoints  
----------    --------          -------      -------  ---------------------  -------------------      -------      -------  ---------------------  -------------------  


------------------------------------------------------------------------------------------------
| Other Path Groups Table
| -----------------------
------------------------------------------------------------------------------------------------

Path Group    From Clock    To Clock          WNS(ns)      TNS(ns)  TNS Failing Endpoints  TNS Total Endpoints      WHS(ns)      THS(ns)  THS Failing Endpoints  THS Total Endpoints  
----------    ----------    --------          -------      -------  ---------------------  -------------------      -------      -------  ---------------------  -------------------  


------------------------------------------------------------------------------------------------
| User Ignored Path Table
| -----------------------
------------------------------------------------------------------------------------------------

Path Group    From Clock    To Clock    
----------    ----------    --------    


------------------------------------------------------------------------------------------------
| Unconstrained Path Table
| ------------------------
------------------------------------------------------------------------------------------------

Path Group    From Clock    To Clock    
----------    ----------    --------    
(none)                                    


------------------------------------------------------------------------------------------------
| Timing Details
| --------------
------------------------------------------------------------------------------------------------


--------------------------------------------------------------------------------------
Path Group:  (none)
From Clock:  
  To Clock:  

Max Delay            39 Endpoints
Min Delay            39 Endpoints
--------------------------------------------------------------------------------------


Max Delay Paths
--------------------------------------------------------------------------------------
Slack:                    inf
  Source:                 ssd_inst/an_reg[1]/C
                            (rising edge-triggered cell FDRE)
  Destination:            an[1]
                            (output port)
  Path Group:             (none)
  Path Type:              Max at Slow Process Corner
  Data Path Delay:        5.830ns  (logic 4.130ns (70.839%)  route 1.700ns (29.161%))
  Logic Levels:           2  (FDRE=1 OBUF=1)

    Location             Delay type                Incr(ns)  Path(ns)    Netlist Resource(s)
  -------------------------------------------------------------------    -------------------
    SLICE_X1Y102         FDRE                         0.000     0.000 r  ssd_inst/an_reg[1]/C
    SLICE_X1Y102         FDRE (Prop_fdre_C_Q)         0.419     0.419 r  ssd_inst/an_reg[1]/Q
                         net (fo=1, routed)           1.700     2.119    an_OBUF[1]
    J18                  OBUF (Prop_obuf_I_O)         3.711     5.830 r  an_OBUF[1]_inst/O
                         net (fo=0)                   0.000     5.830    an[1]
    J18                                                               r  an[1] (OUT)
  -------------------------------------------------------------------    -------------------

Slack:                    inf
  Source:                 ssd_inst/an_reg[0]/C
                            (rising edge-triggered cell FDRE)
  Destination:            an[0]
                            (output port)
  Path Group:             (none)
  Path Type:              Max at Slow Process Corner
  Data Path Delay:        5.660ns  (logic 3.992ns (70.522%)  route 1.668ns (29.478%))
  Logic Levels:           2  (FDRE=1 OBUF=1)

    Location             Delay type                Incr(ns)  Path(ns)    Netlist Resource(s)
  -------------------------------------------------------------------    -------------------
    SLICE_X1Y103         FDRE                         0.000     0.000 r  ssd_inst/an_reg[0]/C
    SLICE_X1Y103         FDRE (Prop_fdre_C_Q)         0.456     0.456 r  ssd_inst/an_reg[0]/Q
                         net (fo=1, routed)           1.668     2.124    an_OBUF[0]
    J17                  OBUF (Prop_obuf_I_O)         3.536     5.660 r  an_OBUF[0]_inst/O
                         net (fo=0)                   0.000     5.660    an[0]
    J17                                                               r  an[0] (OUT)
  -------------------------------------------------------------------    -------------------

Slack:                    inf
  Source:                 ssd_inst/refresh_count_reg[11]/C
                            (rising edge-triggered cell FDRE)
  Destination:            ssd_inst/refresh_count_reg[16]/R
  Path Group:             (none)
  Path Type:              Max at Slow Process Corner
  Data Path Delay:        3.270ns  (logic 0.704ns (21.532%)  route 2.566ns (78.468%))
  Logic Levels:           3  (FDRE=1 LUT3=1 LUT6=1)

    Location             Delay type                Incr(ns)  Path(ns)    Netlist Resource(s)
  -------------------------------------------------------------------    -------------------
    SLICE_X0Y104         FDRE                         0.000     0.000 r  ssd_inst/refresh_count_reg[11]/C
    SLICE_X0Y104         FDRE (Prop_fdre_C_Q)         0.456     0.456 f  ssd_inst/refresh_count_reg[11]/Q
                         net (fo=2, routed)           0.814     1.270    ssd_inst/refresh_count_reg[11]
    SLICE_X1Y105         LUT6 (Prop_lut6_I2_O)        0.124     1.394 r  ssd_inst/refresh_count[0]_i_5/O
                         net (fo=2, routed)           0.951     2.344    ssd_inst/refresh_count[0]_i_5_n_0
    SLICE_X1Y102         LUT3 (Prop_lut3_I2_O)        0.124     2.468 r  ssd_inst/refresh_count[0]_i_1/O
                         net (fo=17, routed)          0.801     3.270    ssd_inst/refresh_tick
    SLICE_X0Y106         FDRE                                         r  ssd_inst/refresh_count_reg[16]/R
  -------------------------------------------------------------------    -------------------

Slack:                    inf
  Source:                 ssd_inst/refresh_count_reg[11]/C
                            (rising edge-triggered cell FDRE)
  Destination:            ssd_inst/refresh_count_reg[12]/R
  Path Group:             (none)
  Path Type:              Max at Slow Process Corner
  Data Path Delay:        3.131ns  (logic 0.704ns (22.484%)  route 2.427ns (77.516%))
  Logic Levels:           3  (FDRE=1 LUT3=1 LUT6=1)

    Location             Delay type                Incr(ns)  Path(ns)    Netlist Resource(s)
  -------------------------------------------------------------------    -------------------
    SLICE_X0Y104         FDRE                         0.000     0.000 r  ssd_inst/refresh_count_reg[11]/C
    SLICE_X0Y104         FDRE (Prop_fdre_C_Q)         0.456     0.456 f  ssd_inst/refresh_count_reg[11]/Q
                         net (fo=2, routed)           0.814     1.270    ssd_inst/refresh_count_reg[11]
    SLICE_X1Y105         LUT6 (Prop_lut6_I2_O)        0.124     1.394 r  ssd_inst/refresh_count[0]_i_5/O
                         net (fo=2, routed)           0.951     2.344    ssd_inst/refresh_count[0]_i_5_n_0
    SLICE_X1Y102         LUT3 (Prop_lut3_I2_O)        0.124     2.468 r  ssd_inst/refresh_count[0]_i_1/O
                         net (fo=17, routed)          0.663     3.131    ssd_inst/refresh_tick
    SLICE_X0Y105         FDRE                                         r  ssd_inst/refresh_count_reg[12]/R
  -------------------------------------------------------------------    -------------------

Slack:                    inf
  Source:                 ssd_inst/refresh_count_reg[11]/C
                            (rising edge-triggered cell FDRE)
  Destination:            ssd_inst/refresh_count_reg[13]/R
  Path Group:             (none)
  Path Type:              Max at Slow Process Corner
  Data Path Delay:        3.131ns  (logic 0.704ns (22.484%)  route 2.427ns (77.516%))
  Logic Levels:           3  (FDRE=1 LUT3=1 LUT6=1)

    Location             Delay type                Incr(ns)  Path(ns)    Netlist Resource(s)
  -------------------------------------------------------------------    -------------------
    SLICE_X0Y104         FDRE                         0.000     0.000 r  ssd_inst/refresh_count_reg[11]/C
    SLICE_X0Y104         FDRE (Prop_fdre_C_Q)         0.456     0.456 f  ssd_inst/refresh_count_reg[11]/Q
                         net (fo=2, routed)           0.814     1.270    ssd_inst/refresh_count_reg[11]
    SLICE_X1Y105         LUT6 (Prop_lut6_I2_O)        0.124     1.394 r  ssd_inst/refresh_count[0]_i_5/O
                         net (fo=2, routed)           0.951     2.344    ssd_inst/refresh_count[0]_i_5_n_0
    SLICE_X1Y102         LUT3 (Prop_lut3_I2_O)        0.124     2.468 r  ssd_inst/refresh_count[0]_i_1/O
                         net (fo=17, routed)          0.663     3.131    ssd_inst/refresh_tick
    SLICE_X0Y105         FDRE                                         r  ssd_inst/refresh_count_reg[13]/R
  -------------------------------------------------------------------    -------------------

Slack:                    inf
  Source:                 ssd_inst/refresh_count_reg[11]/C
                            (rising edge-triggered cell FDRE)
  Destination:            ssd_inst/refresh_count_reg[14]/R
  Path Group:             (none)
  Path Type:              Max at Slow Process Corner
  Data Path Delay:        3.131ns  (logic 0.704ns (22.484%)  route 2.427ns (77.516%))
  Logic Levels:           3  (FDRE=1 LUT3=1 LUT6=1)

    Location             Delay type                Incr(ns)  Path(ns)    Netlist Resource(s)
  -------------------------------------------------------------------    -------------------
    SLICE_X0Y104         FDRE                         0.000     0.000 r  ssd_inst/refresh_count_reg[11]/C
    SLICE_X0Y104         FDRE (Prop_fdre_C_Q)         0.456     0.456 f  ssd_inst/refresh_count_reg[11]/Q
                         net (fo=2, routed)           0.814     1.270    ssd_inst/refresh_count_reg[11]
    SLICE_X1Y105         LUT6 (Prop_lut6_I2_O)        0.124     1.394 r  ssd_inst/refresh_count[0]_i_5/O
                         net (fo=2, routed)           0.951     2.344    ssd_inst/refresh_count[0]_i_5_n_0
    SLICE_X1Y102         LUT3 (Prop_lut3_I2_O)        0.124     2.468 r  ssd_inst/refresh_count[0]_i_1/O
                         net (fo=17, routed)          0.663     3.131    ssd_inst/refresh_tick
    SLICE_X0Y105         FDRE                                         r  ssd_inst/refresh_count_reg[14]/R
  -------------------------------------------------------------------    -------------------

Slack:                    inf
  Source:                 ssd_inst/refresh_count_reg[11]/C
                            (rising edge-triggered cell FDRE)
  Destination:            ssd_inst/refresh_count_reg[15]/R
  Path Group:             (none)
  Path Type:              Max at Slow Process Corner
  Data Path Delay:        3.131ns  (logic 0.704ns (22.484%)  route 2.427ns (77.516%))
  Logic Levels:           3  (FDRE=1 LUT3=1 LUT6=1)

    Location             Delay type                Incr(ns)  Path(ns)    Netlist Resource(s)
  -------------------------------------------------------------------    -------------------
    SLICE_X0Y104         FDRE                         0.000     0.000 r  ssd_inst/refresh_count_reg[11]/C
    SLICE_X0Y104         FDRE (Prop_fdre_C_Q)         0.456     0.456 f  ssd_inst/refresh_count_reg[11]/Q
                         net (fo=2, routed)           0.814     1.270    ssd_inst/refresh_count_reg[11]
    SLICE_X1Y105         LUT6 (Prop_lut6_I2_O)        0.124     1.394 r  ssd_inst/refresh_count[0]_i_5/O
                         net (fo=2, routed)           0.951     2.344    ssd_inst/refresh_count[0]_i_5_n_0
    SLICE_X1Y102         LUT3 (Prop_lut3_I2_O)        0.124     2.468 r  ssd_inst/refresh_count[0]_i_1/O
                         net (fo=17, routed)          0.663     3.131    ssd_inst/refresh_tick
    SLICE_X0Y105         FDRE                                         r  ssd_inst/refresh_count_reg[15]/R
  -------------------------------------------------------------------    -------------------

Slack:                    inf
  Source:                 ssd_inst/refresh_count_reg[11]/C
                            (rising edge-triggered cell FDRE)
  Destination:            ssd_inst/refresh_count_reg[0]/R
  Path Group:             (none)
  Path Type:              Max at Slow Process Corner
  Data Path Delay:        3.107ns  (logic 0.704ns (22.661%)  route 2.403ns (77.339%))
  Logic Levels:           3  (FDRE=1 LUT3=1 LUT6=1)

    Location             Delay type                Incr(ns)  Path(ns)    Netlist Resource(s)
  -------------------------------------------------------------------    -------------------
    SLICE_X0Y104         FDRE                         0.000     0.000 r  ssd_inst/refresh_count_reg[11]/C
    SLICE_X0Y104         FDRE (Prop_fdre_C_Q)         0.456     0.456 f  ssd_inst/refresh_count_reg[11]/Q
                         net (fo=2, routed)           0.814     1.270    ssd_inst/refresh_count_reg[11]
    SLICE_X1Y105         LUT6 (Prop_lut6_I2_O)        0.124     1.394 r  ssd_inst/refresh_count[0]_i_5/O
                         net (fo=2, routed)           0.951     2.344    ssd_inst/refresh_count[0]_i_5_n_0
    SLICE_X1Y102         LUT3 (Prop_lut3_I2_O)        0.124     2.468 r  ssd_inst/refresh_count[0]_i_1/O
                         net (fo=17, routed)          0.638     3.107    ssd_inst/refresh_tick
    SLICE_X0Y102         FDRE                                         r  ssd_inst/refresh_count_reg[0]/R
  -------------------------------------------------------------------    -------------------

Slack:                    inf
  Source:                 ssd_inst/refresh_count_reg[11]/C
                            (rising edge-triggered cell FDRE)
  Destination:            ssd_inst/refresh_count_reg[1]/R
  Path Group:             (none)
  Path Type:              Max at Slow Process Corner
  Data Path Delay:        3.107ns  (logic 0.704ns (22.661%)  route 2.403ns (77.339%))
  Logic Levels:           3  (FDRE=1 LUT3=1 LUT6=1)

    Location             Delay type                Incr(ns)  Path(ns)    Netlist Resource(s)
  -------------------------------------------------------------------    -------------------
    SLICE_X0Y104         FDRE                         0.000     0.000 r  ssd_inst/refresh_count_reg[11]/C
    SLICE_X0Y104         FDRE (Prop_fdre_C_Q)         0.456     0.456 f  ssd_inst/refresh_count_reg[11]/Q
                         net (fo=2, routed)           0.814     1.270    ssd_inst/refresh_count_reg[11]
    SLICE_X1Y105         LUT6 (Prop_lut6_I2_O)        0.124     1.394 r  ssd_inst/refresh_count[0]_i_5/O
                         net (fo=2, routed)           0.951     2.344    ssd_inst/refresh_count[0]_i_5_n_0
    SLICE_X1Y102         LUT3 (Prop_lut3_I2_O)        0.124     2.468 r  ssd_inst/refresh_count[0]_i_1/O
                         net (fo=17, routed)          0.638     3.107    ssd_inst/refresh_tick
    SLICE_X0Y102         FDRE                                         r  ssd_inst/refresh_count_reg[1]/R
  -------------------------------------------------------------------    -------------------

Slack:                    inf
  Source:                 ssd_inst/refresh_count_reg[11]/C
                            (rising edge-triggered cell FDRE)
  Destination:            ssd_inst/refresh_count_reg[2]/R
  Path Group:             (none)
  Path Type:              Max at Slow Process Corner
  Data Path Delay:        3.107ns  (logic 0.704ns (22.661%)  route 2.403ns (77.339%))
  Logic Levels:           3  (FDRE=1 LUT3=1 LUT6=1)

    Location             Delay type                Incr(ns)  Path(ns)    Netlist Resource(s)
  -------------------------------------------------------------------    -------------------
    SLICE_X0Y104         FDRE                         0.000     0.000 r  ssd_inst/refresh_count_reg[11]/C
    SLICE_X0Y104         FDRE (Prop_fdre_C_Q)         0.456     0.456 f  ssd_inst/refresh_count_reg[11]/Q
                         net (fo=2, routed)           0.814     1.270    ssd_inst/refresh_count_reg[11]
    SLICE_X1Y105         LUT6 (Prop_lut6_I2_O)        0.124     1.394 r  ssd_inst/refresh_count[0]_i_5/O
                         net (fo=2, routed)           0.951     2.344    ssd_inst/refresh_count[0]_i_5_n_0
    SLICE_X1Y102         LUT3 (Prop_lut3_I2_O)        0.124     2.468 r  ssd_inst/refresh_count[0]_i_1/O
                         net (fo=17, routed)          0.638     3.107    ssd_inst/refresh_tick
    SLICE_X0Y102         FDRE                                         r  ssd_inst/refresh_count_reg[2]/R
  -------------------------------------------------------------------    -------------------





Min Delay Paths
--------------------------------------------------------------------------------------
Slack:                    inf
  Source:                 ssd_inst/digit_select_reg/C
                            (rising edge-triggered cell FDRE)
  Destination:            ssd_inst/digit_select_reg/D
  Path Group:             (none)
  Path Type:              Min at Fast Process Corner
  Data Path Delay:        0.354ns  (logic 0.186ns (52.507%)  route 0.168ns (47.493%))
  Logic Levels:           2  (FDRE=1 LUT4=1)

    Location             Delay type                Incr(ns)  Path(ns)    Netlist Resource(s)
  -------------------------------------------------------------------    -------------------
    SLICE_X1Y102         FDRE                         0.000     0.000 r  ssd_inst/digit_select_reg/C
    SLICE_X1Y102         FDRE (Prop_fdre_C_Q)         0.141     0.141 r  ssd_inst/digit_select_reg/Q
                         net (fo=2, routed)           0.168     0.309    ssd_inst/digit_select
    SLICE_X1Y102         LUT4 (Prop_lut4_I3_O)        0.045     0.354 r  ssd_inst/digit_select_i_1/O
                         net (fo=1, routed)           0.000     0.354    ssd_inst/digit_select_i_1_n_0
    SLICE_X1Y102         FDRE                                         r  ssd_inst/digit_select_reg/D
  -------------------------------------------------------------------    -------------------

Slack:                    inf
  Source:                 ssd_inst/refresh_count_reg[14]/C
                            (rising edge-triggered cell FDRE)
  Destination:            ssd_inst/refresh_count_reg[14]/D
  Path Group:             (none)
  Path Type:              Min at Fast Process Corner
  Data Path Delay:        0.385ns  (logic 0.252ns (65.529%)  route 0.133ns (34.471%))
  Logic Levels:           2  (CARRY4=1 FDRE=1)

    Location             Delay type                Incr(ns)  Path(ns)    Netlist Resource(s)
  -------------------------------------------------------------------    -------------------
    SLICE_X0Y105         FDRE                         0.000     0.000 r  ssd_inst/refresh_count_reg[14]/C
    SLICE_X0Y105         FDRE (Prop_fdre_C_Q)         0.141     0.141 r  ssd_inst/refresh_count_reg[14]/Q
                         net (fo=2, routed)           0.133     0.274    ssd_inst/refresh_count_reg[14]
    SLICE_X0Y105         CARRY4 (Prop_carry4_S[2]_O[2])
                                                      0.111     0.385 r  ssd_inst/refresh_count_reg[12]_i_1/O[2]
                         net (fo=1, routed)           0.000     0.385    ssd_inst/refresh_count_reg[12]_i_1_n_5
    SLICE_X0Y105         FDRE                                         r  ssd_inst/refresh_count_reg[14]/D
  -------------------------------------------------------------------    -------------------

Slack:                    inf
  Source:                 ssd_inst/refresh_count_reg[2]/C
                            (rising edge-triggered cell FDRE)
  Destination:            ssd_inst/refresh_count_reg[2]/D
  Path Group:             (none)
  Path Type:              Min at Fast Process Corner
  Data Path Delay:        0.385ns  (logic 0.252ns (65.529%)  route 0.133ns (34.471%))
  Logic Levels:           2  (CARRY4=1 FDRE=1)

    Location             Delay type                Incr(ns)  Path(ns)    Netlist Resource(s)
  -------------------------------------------------------------------    -------------------
    SLICE_X0Y102         FDRE                         0.000     0.000 r  ssd_inst/refresh_count_reg[2]/C
    SLICE_X0Y102         FDRE (Prop_fdre_C_Q)         0.141     0.141 r  ssd_inst/refresh_count_reg[2]/Q
                         net (fo=2, routed)           0.133     0.274    ssd_inst/refresh_count_reg[2]
    SLICE_X0Y102         CARRY4 (Prop_carry4_S[2]_O[2])
                                                      0.111     0.385 r  ssd_inst/refresh_count_reg[0]_i_2/O[2]
                         net (fo=1, routed)           0.000     0.385    ssd_inst/refresh_count_reg[0]_i_2_n_5
    SLICE_X0Y102         FDRE                                         r  ssd_inst/refresh_count_reg[2]/D
  -------------------------------------------------------------------    -------------------

Slack:                    inf
  Source:                 ssd_inst/refresh_count_reg[6]/C
                            (rising edge-triggered cell FDRE)
  Destination:            ssd_inst/refresh_count_reg[6]/D
  Path Group:             (none)
  Path Type:              Min at Fast Process Corner
  Data Path Delay:        0.385ns  (logic 0.252ns (65.529%)  route 0.133ns (34.471%))
  Logic Levels:           2  (CARRY4=1 FDRE=1)

    Location             Delay type                Incr(ns)  Path(ns)    Netlist Resource(s)
  -------------------------------------------------------------------    -------------------
    SLICE_X0Y103         FDRE                         0.000     0.000 r  ssd_inst/refresh_count_reg[6]/C
    SLICE_X0Y103         FDRE (Prop_fdre_C_Q)         0.141     0.141 r  ssd_inst/refresh_count_reg[6]/Q
                         net (fo=2, routed)           0.133     0.274    ssd_inst/refresh_count_reg[6]
    SLICE_X0Y103         CARRY4 (Prop_carry4_S[2]_O[2])
                                                      0.111     0.385 r  ssd_inst/refresh_count_reg[4]_i_1/O[2]
                         net (fo=1, routed)           0.000     0.385    ssd_inst/refresh_count_reg[4]_i_1_n_5
    SLICE_X0Y103         FDRE                                         r  ssd_inst/refresh_count_reg[6]/D
  -------------------------------------------------------------------    -------------------

Slack:                    inf
  Source:                 ssd_inst/refresh_count_reg[10]/C
                            (rising edge-triggered cell FDRE)
  Destination:            ssd_inst/refresh_count_reg[10]/D
  Path Group:             (none)
  Path Type:              Min at Fast Process Corner
  Data Path Delay:        0.386ns  (logic 0.252ns (65.354%)  route 0.134ns (34.646%))
  Logic Levels:           2  (CARRY4=1 FDRE=1)

    Location             Delay type                Incr(ns)  Path(ns)    Netlist Resource(s)
  -------------------------------------------------------------------    -------------------
    SLICE_X0Y104         FDRE                         0.000     0.000 r  ssd_inst/refresh_count_reg[10]/C
    SLICE_X0Y104         FDRE (Prop_fdre_C_Q)         0.141     0.141 r  ssd_inst/refresh_count_reg[10]/Q
                         net (fo=2, routed)           0.134     0.275    ssd_inst/refresh_count_reg[10]
    SLICE_X0Y104         CARRY4 (Prop_carry4_S[2]_O[2])
                                                      0.111     0.386 r  ssd_inst/refresh_count_reg[8]_i_1/O[2]
                         net (fo=1, routed)           0.000     0.386    ssd_inst/refresh_count_reg[8]_i_1_n_5
    SLICE_X0Y104         FDRE                                         r  ssd_inst/refresh_count_reg[10]/D
  -------------------------------------------------------------------    -------------------

Slack:                    inf
  Source:                 ssd_inst/refresh_count_reg[14]/C
                            (rising edge-triggered cell FDRE)
  Destination:            ssd_inst/refresh_count_reg[15]/D
  Path Group:             (none)
  Path Type:              Min at Fast Process Corner
  Data Path Delay:        0.418ns  (logic 0.285ns (68.253%)  route 0.133ns (31.747%))
  Logic Levels:           2  (CARRY4=1 FDRE=1)

    Location             Delay type                Incr(ns)  Path(ns)    Netlist Resource(s)
  -------------------------------------------------------------------    -------------------
    SLICE_X0Y105         FDRE                         0.000     0.000 r  ssd_inst/refresh_count_reg[14]/C
    SLICE_X0Y105         FDRE (Prop_fdre_C_Q)         0.141     0.141 r  ssd_inst/refresh_count_reg[14]/Q
                         net (fo=2, routed)           0.133     0.274    ssd_inst/refresh_count_reg[14]
    SLICE_X0Y105         CARRY4 (Prop_carry4_S[2]_O[3])
                                                      0.144     0.418 r  ssd_inst/refresh_count_reg[12]_i_1/O[3]
                         net (fo=1, routed)           0.000     0.418    ssd_inst/refresh_count_reg[12]_i_1_n_4
    SLICE_X0Y105         FDRE                                         r  ssd_inst/refresh_count_reg[15]/D
  -------------------------------------------------------------------    -------------------

Slack:                    inf
  Source:                 ssd_inst/refresh_count_reg[2]/C
                            (rising edge-triggered cell FDRE)
  Destination:            ssd_inst/refresh_count_reg[3]/D
  Path Group:             (none)
  Path Type:              Min at Fast Process Corner
  Data Path Delay:        0.418ns  (logic 0.285ns (68.253%)  route 0.133ns (31.747%))
  Logic Levels:           2  (CARRY4=1 FDRE=1)

    Location             Delay type                Incr(ns)  Path(ns)    Netlist Resource(s)
  -------------------------------------------------------------------    -------------------
    SLICE_X0Y102         FDRE                         0.000     0.000 r  ssd_inst/refresh_count_reg[2]/C
    SLICE_X0Y102         FDRE (Prop_fdre_C_Q)         0.141     0.141 r  ssd_inst/refresh_count_reg[2]/Q
                         net (fo=2, routed)           0.133     0.274    ssd_inst/refresh_count_reg[2]
    SLICE_X0Y102         CARRY4 (Prop_carry4_S[2]_O[3])
                                                      0.144     0.418 r  ssd_inst/refresh_count_reg[0]_i_2/O[3]
                         net (fo=1, routed)           0.000     0.418    ssd_inst/refresh_count_reg[0]_i_2_n_4
    SLICE_X0Y102         FDRE                                         r  ssd_inst/refresh_count_reg[3]/D
  -------------------------------------------------------------------    -------------------

Slack:                    inf
  Source:                 ssd_inst/refresh_count_reg[6]/C
                            (rising edge-triggered cell FDRE)
  Destination:            ssd_inst/refresh_count_reg[7]/D
  Path Group:             (none)
  Path Type:              Min at Fast Process Corner
  Data Path Delay:        0.418ns  (logic 0.285ns (68.253%)  route 0.133ns (31.747%))
  Logic Levels:           2  (CARRY4=1 FDRE=1)

    Location             Delay type                Incr(ns)  Path(ns)    Netlist Resource(s)
  -------------------------------------------------------------------    -------------------
    SLICE_X0Y103         FDRE                         0.000     0.000 r  ssd_inst/refresh_count_reg[6]/C
    SLICE_X0Y103         FDRE (Prop_fdre_C_Q)         0.141     0.141 r  ssd_inst/refresh_count_reg[6]/Q
                         net (fo=2, routed)           0.133     0.274    ssd_inst/refresh_count_reg[6]
    SLICE_X0Y103         CARRY4 (Prop_carry4_S[2]_O[3])
                                                      0.144     0.418 r  ssd_inst/refresh_count_reg[4]_i_1/O[3]
                         net (fo=1, routed)           0.000     0.418    ssd_inst/refresh_count_reg[4]_i_1_n_4
    SLICE_X0Y103         FDRE                                         r  ssd_inst/refresh_count_reg[7]/D
  -------------------------------------------------------------------    -------------------

Slack:                    inf
  Source:                 ssd_inst/refresh_count_reg[10]/C
                            (rising edge-triggered cell FDRE)
  Destination:            ssd_inst/refresh_count_reg[11]/D
  Path Group:             (none)
  Path Type:              Min at Fast Process Corner
  Data Path Delay:        0.419ns  (logic 0.285ns (68.085%)  route 0.134ns (31.915%))
  Logic Levels:           2  (CARRY4=1 FDRE=1)

    Location             Delay type                Incr(ns)  Path(ns)    Netlist Resource(s)
  -------------------------------------------------------------------    -------------------
    SLICE_X0Y104         FDRE                         0.000     0.000 r  ssd_inst/refresh_count_reg[10]/C
    SLICE_X0Y104         FDRE (Prop_fdre_C_Q)         0.141     0.141 r  ssd_inst/refresh_count_reg[10]/Q
                         net (fo=2, routed)           0.134     0.275    ssd_inst/refresh_count_reg[10]
    SLICE_X0Y104         CARRY4 (Prop_carry4_S[2]_O[3])
                                                      0.144     0.419 r  ssd_inst/refresh_count_reg[8]_i_1/O[3]
                         net (fo=1, routed)           0.000     0.419    ssd_inst/refresh_count_reg[8]_i_1_n_4
    SLICE_X0Y104         FDRE                                         r  ssd_inst/refresh_count_reg[11]/D
  -------------------------------------------------------------------    -------------------

Slack:                    inf
  Source:                 ssd_inst/refresh_count_reg[0]/C
                            (rising edge-triggered cell FDRE)
  Destination:            ssd_inst/refresh_count_reg[0]/D
  Path Group:             (none)
  Path Type:              Min at Fast Process Corner
  Data Path Delay:        0.440ns  (logic 0.256ns (58.221%)  route 0.184ns (41.779%))
  Logic Levels:           3  (CARRY4=1 FDRE=1 LUT1=1)

    Location             Delay type                Incr(ns)  Path(ns)    Netlist Resource(s)
  -------------------------------------------------------------------    -------------------
    SLICE_X0Y102         FDRE                         0.000     0.000 r  ssd_inst/refresh_count_reg[0]/C
    SLICE_X0Y102         FDRE (Prop_fdre_C_Q)         0.141     0.141 f  ssd_inst/refresh_count_reg[0]/Q
                         net (fo=2, routed)           0.184     0.325    ssd_inst/refresh_count_reg[0]
    SLICE_X0Y102         LUT1 (Prop_lut1_I0_O)        0.045     0.370 r  ssd_inst/refresh_count[0]_i_6/O
                         net (fo=1, routed)           0.000     0.370    ssd_inst/refresh_count[0]_i_6_n_0
    SLICE_X0Y102         CARRY4 (Prop_carry4_S[0]_O[0])
                                                      0.070     0.440 r  ssd_inst/refresh_count_reg[0]_i_2/O[0]
                         net (fo=1, routed)           0.000     0.440    ssd_inst/refresh_count_reg[0]_i_2_n_7
    SLICE_X0Y102         FDRE                                         r  ssd_inst/refresh_count_reg[0]/D
  -------------------------------------------------------------------    -------------------





